<?xml version="1.0" encoding="UTF-8" standalone="no"?>
<testsuite errors="0" failures="0" name="io.cucumber.core.plugin.JUnitFormatter" skipped="0" tests="3" time="53.01">
    <testcase classname="feature to test google search" name="Validate google search is working" time="17.517">
        <system-out>
            <![CDATA[Given browser is open.......................................................passed
And user is on google search page...........................................passed
When user enters a text in search box.......................................passed
And hits Enter..............................................................passed
Then user is navigated to search results....................................passed
]]>
        </system-out>
    </testcase>
    <testcase classname="Login feature" name="scenario for login" time="19.574">
        <system-out>
            <![CDATA[Given Open Browser..........................................................passed
And user is on login page...................................................passed
When user enters Pooja and 12345............................................passed
And click on login button...................................................passed
Then user is navigated to home page.........................................passed
]]>
        </system-out>
    </testcase>
    <testcase classname="Login feature" name="scenario for login 2" time="15.61">
        <system-out>
            <![CDATA[Given Open Browser..........................................................passed
And user is on login page...................................................passed
When user enters Mahesh and 12345...........................................passed
And click on login button...................................................passed
Then user is navigated to home page.........................................passed
]]>
        </system-out>
    </testcase>
</testsuite>
